

stdClass Object
(
    [address] => mox75Em1oSP4RNhpKPE5JdgTBZ67m1UU2d
    [currency] => btc
    [amount] => 0.013289
    [amount_in_fiat] => 1.0
    [received_amount] => 1.0
    [exchange_rate] => 75.25147815
    [description] => 
    [external_id] => 1
    [status] => 1
    [expired] => 1
    [internal_id] => 1
    [confirmed] => 1
    [seen] => 
    [amount_left] => 0
    [redirect_uri] => 
    [received_amount_in_fiat] => 75.25147815
    [time_left] => 10 minuten
)

27-06 16:35:18: {"address":"mqmZZctwaeFzExdsVMZGezrdPRCJVgV3Ka","currency":"btc","amount":"0.013289","amount_in_fiat":"1.0","received_amount":"1.0","exchange_rate":"75.25147815","description":null,"external_id":"1","status":1,"expired":true,"internal_id":"1","confirmed":true,"seen":false,"amount_left":0,"redirect_uri":null,"received_amount_in_fiat":"75.25147815","time_left":"10 minuten"}
27-06 16:37:03: {"address":"n3C8BphfzXp5xfL4Xbr4LswTTBPA4Df4mH","currency":"btc","amount":"0.013289","amount_in_fiat":"1.0","received_amount":"1.0","exchange_rate":"75.25147815","description":null,"external_id":"1","status":1,"expired":true,"internal_id":"1","confirmed":true,"seen":false,"amount_left":0,"redirect_uri":null,"received_amount_in_fiat":"75.25147815","time_left":"10 minuten"}
27-06 16:38:40: {"address":"n432jEVFH2bPhM5TZzNAjjLUiorPGtHugC","currency":"btc","amount":"0.013289","amount_in_fiat":"1.0","received_amount":"1.0","exchange_rate":"75.25147815","description":null,"external_id":"1","status":1,"expired":true,"internal_id":"1","confirmed":true,"seen":false,"amount_left":0,"redirect_uri":null,"received_amount_in_fiat":"75.25147815","time_left":"10 minuten"}
27-06 16:39:35: {"address":"mmpUoYmqSu6yiLYN9eBeAg4GMN8onimgpm","currency":"btc","amount":"0.013289","amount_in_fiat":"1.0","received_amount":"1.0","exchange_rate":"75.25147815","description":null,"external_id":"1","status":1,"expired":true,"internal_id":"1","confirmed":true,"seen":false,"amount_left":0,"redirect_uri":null,"received_amount_in_fiat":"75.25147815","time_left":"10 minuten"}
27-06 16:39:43: {"address":"mkA7vCtzAwhanb3Ez4LNnsksV5JjoPwTUE","currency":"btc","amount":"0.013289","amount_in_fiat":"1.0","received_amount":"1.0","exchange_rate":"75.25147815","description":null,"external_id":"1","status":1,"expired":true,"internal_id":"1","confirmed":true,"seen":false,"amount_left":0,"redirect_uri":null,"received_amount_in_fiat":"75.25147815","time_left":"10 minuten"}
27-06 16:40:03: {"address":"n1DwakQr8wjLjWctwx8b2BBa32vEYVPh1C","currency":"btc","amount":"0.013289","amount_in_fiat":"1.0","received_amount":"1.0","exchange_rate":"75.25147815","description":null,"external_id":"1","status":1,"expired":true,"internal_id":"1","confirmed":true,"seen":false,"amount_left":0,"redirect_uri":null,"received_amount_in_fiat":"75.25147815","time_left":"10 minuten"}
27-06 16:40:17: {"address":"mqTE8z3McuPPWm1zW4j57gZ1u7exeeDk4n","currency":"btc","amount":"0.013289","amount_in_fiat":"1.0","received_amount":"0.0","exchange_rate":"75.25147815","description":null,"external_id":"1","status":1,"expired":true,"internal_id":"1","seen":false,"confirmed":true,"amount_left":"0.013289","redirect_uri":null,"received_amount_in_fiat":"0.0","time_left":"10 minutes"}
27-06 16:41:07: {"address":"miPbwSxh4g3caqgKLXkRZp63n4oGSXp4V2","currency":"btc","amount":"0.013289","amount_in_fiat":"1.0","received_amount":"1.0","exchange_rate":"75.25147815","description":null,"external_id":"1","status":1,"expired":true,"internal_id":"1","confirmed":true,"seen":false,"amount_left":0,"redirect_uri":null,"received_amount_in_fiat":"75.25147815","time_left":"10 minuten"}
27-06 16:41:16: {"address":"micfonSAyWyFUVwvfxm2rfnx8BCdNnUzPf","currency":"btc","amount":"0.013289","amount_in_fiat":"1.0","received_amount":"1.0","exchange_rate":"75.25147815","description":null,"external_id":"1","status":1,"expired":true,"internal_id":"1","confirmed":true,"seen":false,"amount_left":0,"redirect_uri":null,"received_amount_in_fiat":"75.25147815","time_left":"10 minuten"}
27-06 16:41:25: {"address":"mvGT2t2hpYwspb4CjvadFUpinRGFRmuA61","currency":"btc","amount":"0.013289","amount_in_fiat":"1.0","received_amount":"1.0","exchange_rate":"75.25147815","description":null,"external_id":"1","status":1,"expired":true,"internal_id":"1","confirmed":true,"seen":false,"amount_left":0,"redirect_uri":null,"received_amount_in_fiat":"75.25147815","time_left":"10 minuten"}
27-06 16:42:16: {"address":"mgjUVzL3Qz5mekvSWjYhFYeMztdNhNua2J","currency":"btc","amount":"0.013289","amount_in_fiat":"1.0","received_amount":"1.0","exchange_rate":"75.25147815","description":null,"external_id":"1","status":1,"expired":true,"internal_id":"1","confirmed":true,"seen":false,"amount_left":0,"redirect_uri":null,"received_amount_in_fiat":"75.25147815","time_left":"10 minuten"}
27-06 16:42:26: {"address":"mrLRTGEXZSG5QNPy5Vjjtpj9eDD8ie5yZ6","currency":"btc","amount":"0.013289","amount_in_fiat":"1.0","received_amount":"1.0","exchange_rate":"75.25147815","description":null,"external_id":"1","status":1,"expired":true,"internal_id":"1","confirmed":true,"seen":false,"amount_left":0,"redirect_uri":null,"received_amount_in_fiat":"75.25147815","time_left":"10 minuten"}
27-06 16:43:11: 
27-06 16:58:22: 5.3.1
27-06 16:58:22: 
27-06 17:04:55: 5.4.16
27-06 17:04:55: {"address":"n2tkrVgPTS398LRQXyW7sXA52yuZRs1J4g","currency":"btc","amount":"0.013274","amount_in_fiat":"1.0","received_amount":"1.0","exchange_rate":"75.33594410000001","description":null,"external_id":"1","status":1,"expired":true,"internal_id":"1","confirmed":true,"seen":false,"amount_left":0,"redirect_uri":null,"received_amount_in_fiat":"75.33594410000001","time_left":"10 minuten"}
27-06 17:05:13: 5.4.16
27-06 17:05:13: {"address":"mg3KLTGsEq7EtsuKtywn1rJFFNL4oJxbc3","currency":"btc","amount":"0.013274","amount_in_fiat":"1.0","received_amount":"1.0","exchange_rate":"75.33594410000001","description":null,"external_id":"1","status":1,"expired":true,"internal_id":"1","confirmed":true,"seen":false,"amount_left":0,"redirect_uri":null,"received_amount_in_fiat":"75.33594410000001","time_left":"10 minuten"}
05-07 12:37:04: This app serves as a php Kojn PHP test.
05-07 12:37:04: {"hello":"world"}
05-07 12:37:04: in #setup - Setting up kojn
05-07 12:38:11: This app serves as a php Kojn PHP test.
05-07 12:38:11: {"hello":"world"}
05-07 12:38:11: in #setup - Setting up kojn
05-07 12:38:53: This app serves as a php Kojn PHP test.
05-07 12:38:53: {"hello":"world"}
05-07 12:38:53: in #setup - Setting up kojn
05-07 12:38:53: Fetching all transactions
05-07 12:38:53: Retrieve data from `localhost:3000/api/invoices'
05-07 12:38:53: Creating new invoice
05-07 12:38:53: Retrieve data from `localhost:3000/api/invoices'
05-07 12:39:10: This app serves as a php Kojn PHP test.
05-07 12:39:10: {"hello":"world"}
05-07 12:39:10: in #setup - Setting up kojn
05-07 12:39:10: Fetching all transactions
05-07 12:39:10: Retrieve data from `:/api/invoices'
05-07 12:39:10: Creating new invoice
05-07 12:39:10: Retrieve data from `:/api/invoices'
05-07 12:39:50: This app serves as a php Kojn PHP test.
05-07 12:39:50: {"hello":"world"}
05-07 12:39:50: in #setup - Setting up kojn
05-07 12:39:50: Fetching all transactions
05-07 12:39:50: Retrieve data from `localhost:3000/api/invoices'
05-07 12:39:50: Creating new invoice
05-07 12:39:50: Retrieve data from `localhost:3000/api/invoices'
05-07 12:40:34: This app serves as a php Kojn PHP test.
05-07 12:40:34: {"hello":"world"}
05-07 12:40:34: in #setup - Setting up kojn
05-07 12:40:34: Retrieve data from `localhost:3000/api/invoices'
05-07 12:40:39: This app serves as a php Kojn PHP test.
05-07 12:40:39: {"hello":"world"}
05-07 12:40:39: in #setup - Setting up kojn
05-07 12:40:39: Retrieve data from `:/api/invoices'
05-07 12:42:16: This app serves as a php Kojn PHP test.
05-07 12:42:16: {"hello":"world"}
05-07 12:42:16: in #setup - Setting up kojn
05-07 12:42:16: Retrieve data from `:/api/invoices'
05-07 12:42:57: This app serves as a php Kojn PHP test.
05-07 12:42:57: {"hello":"world"}
05-07 12:42:57: in #setup - Setting up kojn
05-07 12:42:57: Retrieve data from `https://kojn-app.com:443/api/invoices'
05-07 12:44:57: This app serves as a php Kojn PHP test.
05-07 12:44:57: {"hello":"world"}
05-07 12:44:57: in #setup - Setting up kojn
05-07 12:44:57: Retrieve data from `https://kojn-app.com:443/api/invoices'
05-07 16:58:22: This app serves as a php Kojn PHP test.
05-07 16:58:22: {"hello":"world"}
05-07 16:58:22: in #setup - Setting up kojn
05-07 16:58:22: Retrieve data from `https://kojn-app.com:443/api/invoices'
06-07 01:18:20: This app serves as a php Kojn PHP test.
06-07 01:18:20: {"hello":"world"}
06-07 01:18:20: in #setup - Setting up kojn
06-07 01:18:20: integrity
06-07 01:18:20: Retrieve data from `https://kojn-app.com:443/api/invoices'
06-07 01:39:06: This app serves as a php Kojn PHP test.
06-07 01:39:06: {"hello":"world"}
06-07 01:39:06: in #setup - Setting up kojn
06-07 01:39:06: integrity
06-07 01:39:06: Retrieve data from `https://kojn-app.com:443/api/invoices'
